0 info it worked if it ends with ok
1 verbose cli [ '/usr/local/bin/node', '/usr/local/bin/npm', 'run', 'devtool' ]
2 info using npm@3.8.6
3 info using node@v6.6.0
4 verbose run-script [ 'predevtool', 'devtool', 'postdevtool' ]
5 info lifecycle express-projects@1.0.0~predevtool: express-projects@1.0.0
6 silly lifecycle express-projects@1.0.0~predevtool: no script for predevtool, continuing
7 info lifecycle express-projects@1.0.0~devtool: express-projects@1.0.0
8 verbose lifecycle express-projects@1.0.0~devtool: unsafe-perm in lifecycle true
9 verbose lifecycle express-projects@1.0.0~devtool: PATH: /usr/local/lib/node_modules/npm/bin/node-gyp-bin:/Users/JuanMa/www/express-projects/node_modules/.bin:/usr/local/bin:/usr/local/bin:/usr/bin:/bin:/usr/sbin:/sbin:/usr/local/go/bin:/Users/JuanMa/.rvm/bin:/usr/local/share/python
10 verbose lifecycle express-projects@1.0.0~devtool: CWD: /Users/JuanMa/www/express-projects
11 silly lifecycle express-projects@1.0.0~devtool: Args: [ '-c', 'devtool main --watch' ]
12 silly lifecycle express-projects@1.0.0~devtool: Returned: code: 1  signal: null
13 info lifecycle express-projects@1.0.0~devtool: Failed to exec devtool script
14 verbose stack Error: express-projects@1.0.0 devtool: `devtool main --watch`
14 verbose stack Exit status 1
14 verbose stack     at EventEmitter.<anonymous> (/usr/local/lib/node_modules/npm/lib/utils/lifecycle.js:239:16)
14 verbose stack     at emitTwo (events.js:106:13)
14 verbose stack     at EventEmitter.emit (events.js:191:7)
14 verbose stack     at ChildProcess.<anonymous> (/usr/local/lib/node_modules/npm/lib/utils/spawn.js:24:14)
14 verbose stack     at emitTwo (events.js:106:13)
14 verbose stack     at ChildProcess.emit (events.js:191:7)
14 verbose stack     at maybeClose (internal/child_process.js:877:16)
14 verbose stack     at Process.ChildProcess._handle.onexit (internal/child_process.js:226:5)
15 verbose pkgid express-projects@1.0.0
16 verbose cwd /Users/JuanMa/www/express-projects
17 error Darwin 15.6.0
18 error argv "/usr/local/bin/node" "/usr/local/bin/npm" "run" "devtool"
19 error node v6.6.0
20 error npm  v3.8.6
21 error code ELIFECYCLE
22 error express-projects@1.0.0 devtool: `devtool main --watch`
22 error Exit status 1
23 error Failed at the express-projects@1.0.0 devtool script 'devtool main --watch'.
23 error Make sure you have the latest version of node.js and npm installed.
23 error If you do, this is most likely a problem with the express-projects package,
23 error not with npm itself.
23 error Tell the author that this fails on your system:
23 error     devtool main --watch
23 error You can get information on how to open an issue for this project with:
23 error     npm bugs express-projects
23 error Or if that isn't available, you can get their info via:
23 error     npm owner ls express-projects
23 error There is likely additional logging output above.
24 verbose exit [ 1, true ]
